<?xml version="1.0" encoding="UTF-8"?>
<testsuite xmlns:xsi="http://www.w3.org/2001/XMLSchema-instance" xsi:noNamespaceSchemaLocation="https://maven.apache.org/surefire/maven-surefire-plugin/xsd/surefire-test-report.xsd" name="TestSuite" time="0.751" tests="2" errors="0" skipped="1" failures="1">
  <properties>
    <property name="sun.desktop" value="windows"/>
    <property name="awt.toolkit" value="sun.awt.windows.WToolkit"/>
    <property name="file.encoding.pkg" value="sun.io"/>
    <property name="java.specification.version" value="1.8"/>
    <property name="sun.cpu.isalist" value="amd64"/>
    <property name="sun.jnu.encoding" value="Cp1252"/>
    <property name="java.class.path" value="C:\development\head_workspace\portal\target\test-classes;C:\development\head_workspace\portal\target\classes;C:\Users\P10424556\.m2\repository\junit\junit\3.8.1\junit-3.8.1.jar;C:\Users\P10424556\.m2\repository\org\seleniumhq\selenium\selenium-java\3.8.0\selenium-java-3.8.0.jar;C:\Users\P10424556\.m2\repository\org\seleniumhq\selenium\selenium-api\3.8.0\selenium-api-3.8.0.jar;C:\Users\P10424556\.m2\repository\org\seleniumhq\selenium\selenium-chrome-driver\3.8.0\selenium-chrome-driver-3.8.0.jar;C:\Users\P10424556\.m2\repository\org\seleniumhq\selenium\selenium-edge-driver\3.8.0\selenium-edge-driver-3.8.0.jar;C:\Users\P10424556\.m2\repository\org\seleniumhq\selenium\selenium-firefox-driver\3.8.0\selenium-firefox-driver-3.8.0.jar;C:\Users\P10424556\.m2\repository\org\seleniumhq\selenium\selenium-ie-driver\3.8.0\selenium-ie-driver-3.8.0.jar;C:\Users\P10424556\.m2\repository\org\seleniumhq\selenium\selenium-opera-driver\3.8.0\selenium-opera-driver-3.8.0.jar;C:\Users\P10424556\.m2\repository\org\seleniumhq\selenium\selenium-remote-driver\3.8.0\selenium-remote-driver-3.8.0.jar;C:\Users\P10424556\.m2\repository\org\seleniumhq\selenium\selenium-safari-driver\3.8.0\selenium-safari-driver-3.8.0.jar;C:\Users\P10424556\.m2\repository\org\seleniumhq\selenium\selenium-support\3.8.0\selenium-support-3.8.0.jar;C:\Users\P10424556\.m2\repository\net\bytebuddy\byte-buddy\1.7.5\byte-buddy-1.7.5.jar;C:\Users\P10424556\.m2\repository\org\apache\commons\commons-exec\1.3\commons-exec-1.3.jar;C:\Users\P10424556\.m2\repository\commons-codec\commons-codec\1.10\commons-codec-1.10.jar;C:\Users\P10424556\.m2\repository\commons-logging\commons-logging\1.2\commons-logging-1.2.jar;C:\Users\P10424556\.m2\repository\com\google\code\gson\gson\2.8.2\gson-2.8.2.jar;C:\Users\P10424556\.m2\repository\com\google\guava\guava\23.0\guava-23.0.jar;C:\Users\P10424556\.m2\repository\com\google\code\findbugs\jsr305\1.3.9\jsr305-1.3.9.jar;C:\Users\P10424556\.m2\repository\com\google\errorprone\error_prone_annotations\2.0.18\error_prone_annotations-2.0.18.jar;C:\Users\P10424556\.m2\repository\com\google\j2objc\j2objc-annotations\1.1\j2objc-annotations-1.1.jar;C:\Users\P10424556\.m2\repository\org\codehaus\mojo\animal-sniffer-annotations\1.14\animal-sniffer-annotations-1.14.jar;C:\Users\P10424556\.m2\repository\org\apache\httpcomponents\httpclient\4.5.3\httpclient-4.5.3.jar;C:\Users\P10424556\.m2\repository\org\apache\httpcomponents\httpcore\4.4.6\httpcore-4.4.6.jar;C:\Users\P10424556\.m2\repository\org\testng\testng\6.14.3\testng-6.14.3.jar;C:\Users\P10424556\.m2\repository\com\beust\jcommander\1.72\jcommander-1.72.jar;C:\Users\P10424556\.m2\repository\org\apache-extras\beanshell\bsh\2.0b6\bsh-2.0b6.jar;C:\Users\P10424556\.m2\repository\org\seleniumhq\selenium\selenium-server\3.12.0\selenium-server-3.12.0.jar;C:\Users\P10424556\.m2\repository\org\apache\commons\commons-lang3\3.7\commons-lang3-3.7.jar;C:\Users\P10424556\.m2\repository\org\apache\commons\commons-text\1.1\commons-text-1.1.jar;C:\Users\P10424556\.m2\repository\commons-io\commons-io\2.6\commons-io-2.6.jar;C:\Users\P10424556\.m2\repository\commons-net\commons-net\3.6\commons-net-3.6.jar;C:\Users\P10424556\.m2\repository\org\w3c\css\sac\1.3\sac-1.3.jar;C:\Users\P10424556\.m2\repository\net\sourceforge\cssparser\cssparser\0.9.24\cssparser-0.9.24.jar;C:\Users\P10424556\.m2\repository\net\sourceforge\htmlunit\htmlunit\2.29\htmlunit-2.29.jar;C:\Users\P10424556\.m2\repository\net\sourceforge\htmlunit\htmlunit-core-js\2.28\htmlunit-core-js-2.28.jar;C:\Users\P10424556\.m2\repository\net\sourceforge\htmlunit\neko-htmlunit\2.28\neko-htmlunit-2.28.jar;C:\Users\P10424556\.m2\repository\org\apache\httpcomponents\httpmime\4.5.3\httpmime-4.5.3.jar;C:\Users\P10424556\.m2\repository\net\jcip\jcip-annotations\1.0\jcip-annotations-1.0.jar;C:\Users\P10424556\.m2\repository\org\seleniumhq\selenium\jetty-repacked\9.4.7.v20171121\jetty-repacked-9.4.7.v20171121.jar;C:\Users\P10424556\.m2\repository\org\eclipse\jetty\jetty-client\9.4.7.v20170914\jetty-client-9.4.7.v20170914.jar;C:\Users\P10424556\.m2\repository\org\eclipse\jetty\jetty-http\9.4.8.v20171121\jetty-http-9.4.8.v20171121.jar;C:\Users\P10424556\.m2\repository\org\eclipse\jetty\jetty-io\9.4.8.v20171121\jetty-io-9.4.8.v20171121.jar;C:\Users\P10424556\.m2\repository\org\eclipse\jetty\jetty-util\9.4.8.v20171121\jetty-util-9.4.8.v20171121.jar;C:\Users\P10424556\.m2\repository\org\eclipse\jetty\jetty-xml\9.4.7.v20170914\jetty-xml-9.4.7.v20170914.jar;C:\Users\P10424556\.m2\repository\com\squareup\okhttp3\okhttp\3.9.1\okhttp-3.9.1.jar;C:\Users\P10424556\.m2\repository\com\squareup\okio\okio\1.13.0\okio-1.13.0.jar;C:\Users\P10424556\.m2\repository\org\seleniumhq\selenium\htmlunit-driver\2.29.0\htmlunit-driver-2.29.0.jar;C:\Users\P10424556\.m2\repository\javax\servlet\javax.servlet-api\3.1.0\javax.servlet-api-3.1.0.jar;C:\Users\P10424556\.m2\repository\org\eclipse\jetty\websocket\websocket-api\9.4.7.v20170914\websocket-api-9.4.7.v20170914.jar;C:\Users\P10424556\.m2\repository\org\eclipse\jetty\websocket\websocket-client\9.4.7.v20170914\websocket-client-9.4.7.v20170914.jar;C:\Users\P10424556\.m2\repository\org\eclipse\jetty\websocket\websocket-common\9.4.7.v20170914\websocket-common-9.4.7.v20170914.jar;C:\Users\P10424556\.m2\repository\xalan\serializer\2.7.2\serializer-2.7.2.jar;C:\Users\P10424556\.m2\repository\xalan\xalan\2.7.2\xalan-2.7.2.jar;C:\Users\P10424556\.m2\repository\xerces\xercesImpl\2.11.0\xercesImpl-2.11.0.jar;C:\Users\P10424556\.m2\repository\xml-apis\xml-apis\1.4.01\xml-apis-1.4.01.jar;C:\Users\P10424556\.m2\repository\org\yaml\snakeyaml\1.19\snakeyaml-1.19.jar;C:\Users\P10424556\.m2\repository\log4j\log4j\1.2.17\log4j-1.2.17.jar;C:\Users\P10424556\.m2\repository\net\sourceforge\jexcelapi\jxl\2.6.12\jxl-2.6.12.jar;C:\Users\P10424556\.m2\repository\org\apache\maven\surefire\surefire-testng-utils\2.21.0\surefire-testng-utils-2.21.0.jar;C:\Users\P10424556\.m2\repository\org\apache\maven\surefire\surefire-grouper\2.21.0\surefire-grouper-2.21.0.jar;"/>
    <property name="java.vm.vendor" value="Oracle Corporation"/>
    <property name="sun.arch.data.model" value="64"/>
    <property name="user.variant" value=""/>
    <property name="java.vendor.url" value="http://java.oracle.com/"/>
    <property name="user.timezone" value=""/>
    <property name="java.vm.specification.version" value="1.8"/>
    <property name="os.name" value="Windows 10"/>
    <property name="user.country" value="US"/>
    <property name="sun.java.launcher" value="SUN_STANDARD"/>
    <property name="sun.boot.library.path" value="C:\Apps\ABC2\jdk1.8.0_144_x64\jre\bin"/>
    <property name="sun.java.command" value="C:\Users\P10424~1\AppData\Local\Temp\surefire2629234061491195814\surefirebooter69485703471545495.jar C:\Users\P10424556\AppData\Local\Temp\surefire2629234061491195814 2018-06-01T09-26-36_506-jvmRun1 surefire6668964407293868531tmp surefire_04769890176383792354tmp"/>
    <property name="surefire.test.class.path" value="C:\development\head_workspace\portal\target\test-classes;C:\development\head_workspace\portal\target\classes;C:\Users\P10424556\.m2\repository\junit\junit\3.8.1\junit-3.8.1.jar;C:\Users\P10424556\.m2\repository\org\seleniumhq\selenium\selenium-java\3.8.0\selenium-java-3.8.0.jar;C:\Users\P10424556\.m2\repository\org\seleniumhq\selenium\selenium-api\3.8.0\selenium-api-3.8.0.jar;C:\Users\P10424556\.m2\repository\org\seleniumhq\selenium\selenium-chrome-driver\3.8.0\selenium-chrome-driver-3.8.0.jar;C:\Users\P10424556\.m2\repository\org\seleniumhq\selenium\selenium-edge-driver\3.8.0\selenium-edge-driver-3.8.0.jar;C:\Users\P10424556\.m2\repository\org\seleniumhq\selenium\selenium-firefox-driver\3.8.0\selenium-firefox-driver-3.8.0.jar;C:\Users\P10424556\.m2\repository\org\seleniumhq\selenium\selenium-ie-driver\3.8.0\selenium-ie-driver-3.8.0.jar;C:\Users\P10424556\.m2\repository\org\seleniumhq\selenium\selenium-opera-driver\3.8.0\selenium-opera-driver-3.8.0.jar;C:\Users\P10424556\.m2\repository\org\seleniumhq\selenium\selenium-remote-driver\3.8.0\selenium-remote-driver-3.8.0.jar;C:\Users\P10424556\.m2\repository\org\seleniumhq\selenium\selenium-safari-driver\3.8.0\selenium-safari-driver-3.8.0.jar;C:\Users\P10424556\.m2\repository\org\seleniumhq\selenium\selenium-support\3.8.0\selenium-support-3.8.0.jar;C:\Users\P10424556\.m2\repository\net\bytebuddy\byte-buddy\1.7.5\byte-buddy-1.7.5.jar;C:\Users\P10424556\.m2\repository\org\apache\commons\commons-exec\1.3\commons-exec-1.3.jar;C:\Users\P10424556\.m2\repository\commons-codec\commons-codec\1.10\commons-codec-1.10.jar;C:\Users\P10424556\.m2\repository\commons-logging\commons-logging\1.2\commons-logging-1.2.jar;C:\Users\P10424556\.m2\repository\com\google\code\gson\gson\2.8.2\gson-2.8.2.jar;C:\Users\P10424556\.m2\repository\com\google\guava\guava\23.0\guava-23.0.jar;C:\Users\P10424556\.m2\repository\com\google\code\findbugs\jsr305\1.3.9\jsr305-1.3.9.jar;C:\Users\P10424556\.m2\repository\com\google\errorprone\error_prone_annotations\2.0.18\error_prone_annotations-2.0.18.jar;C:\Users\P10424556\.m2\repository\com\google\j2objc\j2objc-annotations\1.1\j2objc-annotations-1.1.jar;C:\Users\P10424556\.m2\repository\org\codehaus\mojo\animal-sniffer-annotations\1.14\animal-sniffer-annotations-1.14.jar;C:\Users\P10424556\.m2\repository\org\apache\httpcomponents\httpclient\4.5.3\httpclient-4.5.3.jar;C:\Users\P10424556\.m2\repository\org\apache\httpcomponents\httpcore\4.4.6\httpcore-4.4.6.jar;C:\Users\P10424556\.m2\repository\org\testng\testng\6.14.3\testng-6.14.3.jar;C:\Users\P10424556\.m2\repository\com\beust\jcommander\1.72\jcommander-1.72.jar;C:\Users\P10424556\.m2\repository\org\apache-extras\beanshell\bsh\2.0b6\bsh-2.0b6.jar;C:\Users\P10424556\.m2\repository\org\seleniumhq\selenium\selenium-server\3.12.0\selenium-server-3.12.0.jar;C:\Users\P10424556\.m2\repository\org\apache\commons\commons-lang3\3.7\commons-lang3-3.7.jar;C:\Users\P10424556\.m2\repository\org\apache\commons\commons-text\1.1\commons-text-1.1.jar;C:\Users\P10424556\.m2\repository\commons-io\commons-io\2.6\commons-io-2.6.jar;C:\Users\P10424556\.m2\repository\commons-net\commons-net\3.6\commons-net-3.6.jar;C:\Users\P10424556\.m2\repository\org\w3c\css\sac\1.3\sac-1.3.jar;C:\Users\P10424556\.m2\repository\net\sourceforge\cssparser\cssparser\0.9.24\cssparser-0.9.24.jar;C:\Users\P10424556\.m2\repository\net\sourceforge\htmlunit\htmlunit\2.29\htmlunit-2.29.jar;C:\Users\P10424556\.m2\repository\net\sourceforge\htmlunit\htmlunit-core-js\2.28\htmlunit-core-js-2.28.jar;C:\Users\P10424556\.m2\repository\net\sourceforge\htmlunit\neko-htmlunit\2.28\neko-htmlunit-2.28.jar;C:\Users\P10424556\.m2\repository\org\apache\httpcomponents\httpmime\4.5.3\httpmime-4.5.3.jar;C:\Users\P10424556\.m2\repository\net\jcip\jcip-annotations\1.0\jcip-annotations-1.0.jar;C:\Users\P10424556\.m2\repository\org\seleniumhq\selenium\jetty-repacked\9.4.7.v20171121\jetty-repacked-9.4.7.v20171121.jar;C:\Users\P10424556\.m2\repository\org\eclipse\jetty\jetty-client\9.4.7.v20170914\jetty-client-9.4.7.v20170914.jar;C:\Users\P10424556\.m2\repository\org\eclipse\jetty\jetty-http\9.4.8.v20171121\jetty-http-9.4.8.v20171121.jar;C:\Users\P10424556\.m2\repository\org\eclipse\jetty\jetty-io\9.4.8.v20171121\jetty-io-9.4.8.v20171121.jar;C:\Users\P10424556\.m2\repository\org\eclipse\jetty\jetty-util\9.4.8.v20171121\jetty-util-9.4.8.v20171121.jar;C:\Users\P10424556\.m2\repository\org\eclipse\jetty\jetty-xml\9.4.7.v20170914\jetty-xml-9.4.7.v20170914.jar;C:\Users\P10424556\.m2\repository\com\squareup\okhttp3\okhttp\3.9.1\okhttp-3.9.1.jar;C:\Users\P10424556\.m2\repository\com\squareup\okio\okio\1.13.0\okio-1.13.0.jar;C:\Users\P10424556\.m2\repository\org\seleniumhq\selenium\htmlunit-driver\2.29.0\htmlunit-driver-2.29.0.jar;C:\Users\P10424556\.m2\repository\javax\servlet\javax.servlet-api\3.1.0\javax.servlet-api-3.1.0.jar;C:\Users\P10424556\.m2\repository\org\eclipse\jetty\websocket\websocket-api\9.4.7.v20170914\websocket-api-9.4.7.v20170914.jar;C:\Users\P10424556\.m2\repository\org\eclipse\jetty\websocket\websocket-client\9.4.7.v20170914\websocket-client-9.4.7.v20170914.jar;C:\Users\P10424556\.m2\repository\org\eclipse\jetty\websocket\websocket-common\9.4.7.v20170914\websocket-common-9.4.7.v20170914.jar;C:\Users\P10424556\.m2\repository\xalan\serializer\2.7.2\serializer-2.7.2.jar;C:\Users\P10424556\.m2\repository\xalan\xalan\2.7.2\xalan-2.7.2.jar;C:\Users\P10424556\.m2\repository\xerces\xercesImpl\2.11.0\xercesImpl-2.11.0.jar;C:\Users\P10424556\.m2\repository\xml-apis\xml-apis\1.4.01\xml-apis-1.4.01.jar;C:\Users\P10424556\.m2\repository\org\yaml\snakeyaml\1.19\snakeyaml-1.19.jar;C:\Users\P10424556\.m2\repository\log4j\log4j\1.2.17\log4j-1.2.17.jar;C:\Users\P10424556\.m2\repository\net\sourceforge\jexcelapi\jxl\2.6.12\jxl-2.6.12.jar;C:\Users\P10424556\.m2\repository\org\apache\maven\surefire\surefire-testng-utils\2.21.0\surefire-testng-utils-2.21.0.jar;C:\Users\P10424556\.m2\repository\org\apache\maven\surefire\surefire-grouper\2.21.0\surefire-grouper-2.21.0.jar;"/>
    <property name="sun.cpu.endian" value="little"/>
    <property name="user.home" value="C:\Users\P10424556"/>
    <property name="user.language" value="en"/>
    <property name="java.specification.vendor" value="Oracle Corporation"/>
    <property name="java.home" value="C:\Apps\ABC2\jdk1.8.0_144_x64\jre"/>
    <property name="basedir" value="C:\development\head_workspace\portal"/>
    <property name="file.separator" value="\"/>
    <property name="line.separator" value="&#10;"/>
    <property name="java.vm.specification.vendor" value="Oracle Corporation"/>
    <property name="java.specification.name" value="Java Platform API Specification"/>
    <property name="java.awt.graphicsenv" value="sun.awt.Win32GraphicsEnvironment"/>
    <property name="surefire.real.class.path" value="C:\Users\P10424~1\AppData\Local\Temp\surefire2629234061491195814\surefirebooter69485703471545495.jar"/>
    <property name="sun.boot.class.path" value="C:\Apps\ABC2\jdk1.8.0_144_x64\jre\lib\resources.jar;C:\Apps\ABC2\jdk1.8.0_144_x64\jre\lib\rt.jar;C:\Apps\ABC2\jdk1.8.0_144_x64\jre\lib\sunrsasign.jar;C:\Apps\ABC2\jdk1.8.0_144_x64\jre\lib\jsse.jar;C:\Apps\ABC2\jdk1.8.0_144_x64\jre\lib\jce.jar;C:\Apps\ABC2\jdk1.8.0_144_x64\jre\lib\charsets.jar;C:\Apps\ABC2\jdk1.8.0_144_x64\jre\lib\jfr.jar;C:\Apps\ABC2\jdk1.8.0_144_x64\jre\classes"/>
    <property name="user.script" value=""/>
    <property name="sun.management.compiler" value="HotSpot 64-Bit Tiered Compilers"/>
    <property name="java.runtime.version" value="1.8.0_144-b01"/>
    <property name="user.name" value="P10433806"/>
    <property name="path.separator" value=";"/>
    <property name="os.version" value="10.0"/>
    <property name="java.endorsed.dirs" value="C:\Apps\ABC2\jdk1.8.0_144_x64\jre\lib\endorsed"/>
    <property name="java.runtime.name" value="Java(TM) SE Runtime Environment"/>
    <property name="file.encoding" value="Cp1252"/>
    <property name="java.vm.name" value="Java HotSpot(TM) 64-Bit Server VM"/>
    <property name="localRepository" value="C:\Users\P10424556\.m2\repository"/>
    <property name="java.vendor.url.bug" value="http://bugreport.sun.com/bugreport/"/>
    <property name="java.io.tmpdir" value="C:\Users\P10424~1\AppData\Local\Temp\"/>
    <property name="java.version" value="1.8.0_144"/>
    <property name="user.dir" value="C:\development\head_workspace\portal"/>
    <property name="os.arch" value="amd64"/>
    <property name="java.vm.specification.name" value="Java Virtual Machine Specification"/>
    <property name="java.awt.printerjob" value="sun.awt.windows.WPrinterJob"/>
    <property name="sun.os.patch.level" value=""/>
    <property name="java.library.path" value="C:\Apps\ABC2\jdk1.8.0_144_x64\jre\bin;C:\Windows\Sun\Java\bin;C:\Windows\system32;C:\Windows;C:\Program Files (x86)\Common Files\Oracle\Java\javapath;C:\Program Files\Microsoft MPI\Bin\;C:\ProgramData\Oracle\Java\javapath;C:\Program Files (x86)\Intel\iCLS Client\;C:\Program Files\Intel\iCLS Client\;C:\Windows\system32;C:\Windows;C:\Windows\System32\Wbem;C:\Windows\System32\WindowsPowerShell\v1.0\;C:\Program Files (x86)\AMD\ATI.ACE\Core-Static;C:\Program Files (x86)\Intel\Intel(R) Management Engine Components\DAL;C:\Program Files\Intel\Intel(R) Management Engine Components\DAL;C:\Program Files (x86)\Intel\Intel(R) Management Engine Components\IPT;C:\Program Files\Intel\Intel(R) Management Engine Components\IPT;C:\Apps\ABC2\jdk1.8.0_144_x64\bin;C:\Program Files\PuTTY\;C:\Program Files (x86)\Skype\Phone\;C:\Program Files (x86)\Microsoft SQL Server\Client SDK\ODBC\130\Tools\Binn\;C:\Program Files (x86)\Microsoft SQL Server\140\Tools\Binn\;C:\Program Files (x86)\Microsoft SQL Server\140\DTS\Binn\;C:\Program Files (x86)\Microsoft SQL Server\140\Tools\Binn\ManagementStudio\;C:\Program Files\Microsoft\Web Platform Installer\;C:\Program Files (x86)\Microsoft ASP.NET\ASP.NET Web Pages\v1.0\;C:\Program Files\nodejs\;C:\Program Files\Git\cmd;C:\Program Files\TortoiseSVN\bin;C:\Users\P10424556\Downloads\Microsoft JDBC Driver 6.2 for SQL Server\sqljdbc_6.2\enu\mssql-jdbc-6.2.2.jre8.jar;C:\Program Files (x86)\Microsoft SQL Server\130\Tools\Binn\;C:\Program Files\Microsoft SQL Server\130\Tools\Binn\;C:\Program Files (x86)\Microsoft SQL Server\130\DTS\Binn\;C:\Program Files\Microsoft SQL Server\130\DTS\Binn\;C:\Program Files\Microsoft SQL Server\Client SDK\ODBC\130\Tools\Binn\;C:\Program Files (x86)\MySQL\MySQL Utilities 1.6\;C:\development\workspace\koala\src\ruby\bin;C:\Users\P10424556\AppData\Local\Microsoft\WindowsApps;C:\Users\P10424556\AppData\Roaming\npm;C:\Program Files\maven\bin;C:\development\sonarqube-7.0\bin\windows-x86-64;C:\development\sonarscanner\bin;C:\development\apache-ant-1.10.3\bin;."/>
    <property name="java.vm.info" value="mixed mode"/>
    <property name="java.vendor" value="Oracle Corporation"/>
    <property name="java.vm.version" value="25.144-b01"/>
    <property name="java.ext.dirs" value="C:\Apps\ABC2\jdk1.8.0_144_x64\jre\lib\ext;C:\Windows\Sun\Java\lib\ext"/>
    <property name="sun.io.unicode.encoding" value="UnicodeLittle"/>
    <property name="java.class.version" value="52.0"/>
  </properties>
  <testcase name="navigateToPortal" classname="com.portal.CheckIsPortalUpTest" time="0.011">
    <failure type="java.lang.NullPointerException">java.lang.NullPointerException
	at com.portal.CheckIsPortalUpTest.navigateToPortal(CheckIsPortalUpTest.java:37)
</failure>
  </testcase>
  <testcase name="verifyLogin" classname="com.portal.CheckIsPortalUpTest" time="0">
    <skipped message="Method CheckIsPortalUpTest.verifyLogin()[pri:0, instance:com.portal.CheckIsPortalUpTest@5bcea91b] depends on not successfully finished methods"/>
  </testcase>
</testsuite>