<?xml version="1.0" encoding="UTF-8"?>
<!-- Generated by org.testng.reporters.JUnitReportReporter -->
<testsuite skipped="0" hostname="LKNDSS4RHYYF2" name="com.portal.CheckIsPortalUpTest" tests="2" failures="0" timestamp="30 May 2018 12:23:27 GMT" time="13.369" errors="0">
  <testcase name="navigateToPortal" time="10.247" classname="com.portal.CheckIsPortalUpTest"/>
  <testcase name="verifyLogin" time="3.122" classname="com.portal.CheckIsPortalUpTest"/>
</testsuite> <!-- com.portal.CheckIsPortalUpTest -->
